<?xml version="1.0" encoding="UTF-8"?>
<!-- Generated by org.testng.reporters.JUnitReportReporter -->
<testsuite hostname="DESKTOP-3VFUOAC" failures="0" tests="1" name="qsp.Log12" time="0.050" errors="0" timestamp="2023-05-27T14:55:32 IST" skipped="0">
  <testcase classname="qsp.Log12" name="test1" time="0.050"/>
  <system-out/>
</testsuite> <!-- qsp.Log12 -->
