<?xml version="1.0" encoding="UTF-8"?>
<!-- Generated by org.testng.reporters.JUnitReportReporter -->
<testsuite hostname="DESKTOP-3VFUOAC" failures="0" tests="1" name="qsp.Ext1" time="0.296" errors="0" timestamp="2023-05-27T14:14:22 IST" skipped="0">
  <testcase classname="qsp.Ext1" name="test1" time="0.296"/>
  <system-out/>
</testsuite> <!-- qsp.Ext1 -->
