<?xml version="1.0" encoding="UTF-8"?>
<!-- Generated by org.testng.reporters.JUnitReportReporter -->
<testsuite hostname="DESKTOP-3VFUOAC" failures="0" tests="3" name="qsp.Parse1" time="0.008" errors="0" timestamp="2023-05-27T13:48:58 IST" skipped="0">
  <testcase classname="qsp.Parse1" name="test2" time="0.001"/>
  <system-out/>
  <testcase classname="qsp.Parse1" name="test3" time="0.001"/>
  <system-out/>
  <testcase classname="qsp.Parse1" name="test1" time="0.006"/>
  <system-out/>
</testsuite> <!-- qsp.Parse1 -->
