<?xml version="1.0" encoding="UTF-8"?>
<!-- Generated by org.testng.reporters.JUnitReportReporter -->
<testsuite hostname="AUTOMATION-LAB" failures="0" tests="1" name="runner_scripts.IncognitoLaunch" time="1.942" errors="0" timestamp="2023-10-20T09:24:08 IST" skipped="0">
  <testcase classname="runner_scripts.IncognitoLaunch" name="test1" time="1.942"/>
</testsuite> <!-- runner_scripts.IncognitoLaunch -->
